wav2vec2-large-xlsr-53 layer 1
Loading task config...
Training classifiers...
Training classifier for dataset "timit"...
FRAMES: 706150, DIM: 1024
Fitting...
  epoch    train_loss    valid_acc    valid_loss      dur
-------  ------------  -----------  ------------  -------
      1        3.1615       0.4342        2.3659  32.9437
      2        2.2957       0.4770        2.0089  28.7485
      3        2.0832       0.4973        1.8643  28.9423
      4        1.9718       0.5122        1.7773  28.4560
      5        1.8975       0.5204        1.7180  28.8984
      6        1.8437       0.5309        1.6732  28.9578
      7        1.8032       0.5370        1.6385  29.8592
      8        1.7728       0.5410        1.6109  29.6003
      9        1.7417       0.5480        1.5881  29.5348
     10        1.7206       0.5506        1.5684  30.5178
     11        1.7011       0.5531        1.5510  29.6214
     12        1.6807       0.5583        1.5370  29.0173
     13        1.6669       0.5592        1.5230  29.0790
     14        1.6502       0.5626        1.5119  29.6233
     15        1.6411       0.5638        1.5025  29.2106
     16        1.6271       0.5665        1.4927  29.2935
     17        1.6206       0.5693        1.4839  30.1119
     18        1.6080       0.5700        1.4768  30.5131
     19        1.6018       0.5703        1.4695  29.8171
     20        1.5931       0.5727        1.4633  30.1110
     21        1.5869       0.5743        1.4569  29.3925
     22        1.5813       0.5750        1.4526  29.2388
     23        1.5733       0.5753        1.4467  28.9397
     24        1.5662       0.5785        1.4432  29.4063
     25        1.5617       0.5780        1.4389  30.6247
     26        1.5532       0.5801        1.4344  29.1942
     27        1.5474       0.5802        1.4309  28.9914
     28        1.5437       0.5821        1.4270  29.5403
     29        1.5414       0.5840        1.4258  30.2860
     30        1.5356       0.5835        1.4221  30.1558
     31        1.5308       0.5831        1.4178  29.1941
     32        1.5275       0.5846        1.4171  29.3548
     33        1.5213       0.5843        1.4135  30.1598
     34        1.5153       0.5852        1.4122  30.0613
     35        1.5150       0.5855        1.4102  28.9905
     36        1.5124       0.5885        1.4085  29.5724
     37        1.5081       0.5876        1.4066  29.6784
     38        1.5045       0.5907        1.4052  30.0521
     39        1.5011       0.5894        1.4023  29.7724
     40        1.4998       0.5903        1.4022  31.4396
     41        1.4967       0.5904        1.3997  31.3809
     42        1.4926       0.5888        1.3974  29.3933
     43        1.4911       0.5915        1.3992  29.7739
     44        1.4892       0.5892        1.3970  30.2341
     45        1.4849       0.5924        1.3967  29.4158
     46        1.4847       0.5895        1.3958  29.4336
     47        1.4819       0.5915        1.3936  30.0818
     48        1.4780       0.5929        1.3942  29.6495
     49        1.4748       0.5920        1.3933  29.9165
     50        1.4748       0.5943        1.3927  29.9493
Testing...
   train   test       acc  precision    recall        f1
0  timit  timit  0.667152    0.69586  0.667152  0.675298
wav2vec2-large-xlsr-53 layer 4
Loading task config...
Training classifiers...
Training classifier for dataset "timit"...
FRAMES: 706150, DIM: 1024
Fitting...
  epoch    train_loss    valid_acc    valid_loss      dur
-------  ------------  -----------  ------------  -------
      1        2.9836       0.5361        1.9928  33.7385
      2        1.9311       0.5796        1.5945  28.6985
      3        1.6992       0.5973        1.4550  29.0560
      4        1.5932       0.6111        1.3811  29.0006
      5        1.5278       0.6171        1.3343  29.1515
      6        1.4824       0.6220        1.3010  28.9764
      7        1.4487       0.6265        1.2754  28.8055
      8        1.4247       0.6304        1.2568  28.6876
      9        1.4018       0.6321        1.2412  28.7540
     10        1.3833       0.6342        1.2276  28.8618
     11        1.3693       0.6370        1.2165  29.5931
     12        1.3548       0.6384        1.2063  29.4526
     13        1.3446       0.6413        1.1996  29.1067
     14        1.3332       0.6433        1.1926  28.8124
     15        1.3252       0.6439        1.1860  28.7494
     16        1.3137       0.6425        1.1811  28.9198
     17        1.3088       0.6457        1.1757  30.1948
     18        1.3021       0.6459        1.1712  29.7986
     19        1.2934       0.6469        1.1677  29.5824
     20        1.2887       0.6461        1.1652  30.1225
     21        1.2824       0.6480        1.1605  29.2731
     22        1.2778       0.6471        1.1587  29.3910
     23        1.2707       0.6491        1.1556  28.7125
     24        1.2675       0.6497        1.1522  29.4611
     25        1.2646       0.6500        1.1512  29.3900
     26        1.2607       0.6531        1.1502  28.3160
     27        1.2574       0.6518        1.1471  29.5220
     28        1.2498       0.6522        1.1461  28.9031
     29        1.2478       0.6528        1.1448  29.6301
     30        1.2450       0.6532        1.1430  29.5935
     31        1.2398       0.6533        1.1416  28.7150
     32        1.2401       0.6544        1.1415  28.9819
     33        1.2354       0.6555        1.1406  30.0575
     34        1.2334       0.6543        1.1400  29.2482
     35        1.2315       0.6540        1.1377  28.9288
     36        1.2291       0.6555        1.1370  28.9786
     37        1.2244       0.6560        1.1371  29.3088
     38        1.2232       0.6558        1.1369  29.2553
     39        1.2204       0.6545        1.1337  28.9265
     40        1.2167       0.6563        1.1360  28.9380
     41        1.2159       0.6575        1.1349  29.5804
     42        1.2140       0.6580        1.1366  28.5032
     43        1.2105       0.6575        1.1359  28.8484
Stopping since valid_loss has not improved in the last 5 epochs.
Testing...
   train   test       acc  precision    recall       f1
0  timit  timit  0.719904   0.743071  0.719904  0.72555
wav2vec2-large-xlsr-53 layer 7
Loading task config...
Training classifiers...
Training classifier for dataset "timit"...
FRAMES: 706150, DIM: 1024
Fitting...
  epoch    train_loss    valid_acc    valid_loss      dur
-------  ------------  -----------  ------------  -------
      1        2.9026       0.6034        1.8054  44.3455
      2        1.7471       0.6392        1.3971  27.9019
      3        1.5181       0.6564        1.2683  27.7976
      4        1.4181       0.6691        1.2007  27.9810
      5        1.3555       0.6761        1.1590  28.7721
      6        1.3119       0.6783        1.1315  29.4050
      7        1.2777       0.6823        1.1102  28.5189
      8        1.2534       0.6855        1.0936  28.6726
      9        1.2334       0.6895        1.0804  28.8498
     10        1.2177       0.6901        1.0706  29.0918
     11        1.2032       0.6921        1.0615  30.7804
     12        1.1883       0.6938        1.0542  28.6695
     13        1.1755       0.6943        1.0472  28.5413
     14        1.1670       0.6964        1.0408  28.7688
     15        1.1582       0.6969        1.0360  28.6993
     16        1.1512       0.6983        1.0321  30.1911
     17        1.1423       0.6992        1.0294  29.2313
     18        1.1363       0.6999        1.0251  29.5033
     19        1.1295       0.7003        1.0242  29.3946
     20        1.1240       0.7008        1.0198  30.8448
     21        1.1177       0.7015        1.0159  28.9979
     22        1.1139       0.7002        1.0161  28.6616
     23        1.1076       0.7010        1.0143  29.7433
     24        1.1024       0.7027        1.0133  29.5884
     25        1.1017       0.7030        1.0131  29.8008
     26        1.0950       0.7038        1.0117  28.9572
     27        1.0927       0.7027        1.0087  29.8493
     28        1.0888       0.7035        1.0071  29.3117
     29        1.0858       0.7045        1.0072  30.2025
     30        1.0827       0.7057        1.0068  29.9861
     31        1.0786       0.7038        1.0050  28.9137
     32        1.0769       0.7049        1.0058  29.2328
     33        1.0695       0.7057        1.0070  30.7643
     34        1.0705       0.7054        1.0038  30.5624
     35        1.0690       0.7063        1.0030  29.9664
     36        1.0664       0.7053        1.0049  29.2599
     37        1.0642       0.7057        1.0052  29.6842
     38        1.0607       0.7060        1.0049  30.5870
     39        1.0563       0.7061        1.0045  28.7395
Stopping since valid_loss has not improved in the last 5 epochs.
Testing...
   train   test       acc  precision    recall       f1
0  timit  timit  0.761297   0.777666  0.761297  0.76518
wav2vec2-large-xlsr-53 layer 10
Loading task config...
Training classifiers...
Training classifier for dataset "timit"...
FRAMES: 706150, DIM: 1024
Fitting...
  epoch    train_loss    valid_acc    valid_loss      dur
-------  ------------  -----------  ------------  -------
      1        2.8905       0.6258        1.7620  32.0246
      2        1.6953       0.6635        1.3449  29.1489
      3        1.4644       0.6778        1.2213  28.9755
      4        1.3659       0.6856        1.1608  29.1137
      5        1.3103       0.6913        1.1221  29.8779
      6        1.2688       0.6945        1.0945  28.9644
      7        1.2386       0.6978        1.0756  29.4714
      8        1.2154       0.6993        1.0596  29.8607
      9        1.1964       0.7017        1.0472  29.4874
     10        1.1793       0.7021        1.0355  29.1308
     11        1.1666       0.7048        1.0263  29.5784
     12        1.1546       0.7068        1.0197  28.8306
     13        1.1429       0.7077        1.0130  28.3298
     14        1.1343       0.7081        1.0068  28.5972
     15        1.1231       0.7084        1.0035  29.1405
     16        1.1169       0.7099        0.9988  30.5481
     17        1.1109       0.7115        0.9935  30.2326
     18        1.1027       0.7097        0.9896  30.1792
     19        1.0942       0.7115        0.9863  30.0521
     20        1.0887       0.7119        0.9839  29.8734
     21        1.0810       0.7120        0.9809  29.0935
     22        1.0778       0.7137        0.9799  28.6263
     23        1.0695       0.7146        0.9775  29.1489
     24        1.0689       0.7145        0.9746  29.7312
     25        1.0655       0.7128        0.9740  29.5789
     26        1.0612       0.7163        0.9704  28.8162
     27        1.0589       0.7168        0.9695  28.8552
     28        1.0535       0.7161        0.9697  29.6883
     29        1.0501       0.7166        0.9703  29.8119
     30        1.0443       0.7164        0.9636  30.2134
     31        1.0447       0.7160        0.9664  29.3891
     32        1.0418       0.7176        0.9675  29.1620
     33        1.0368       0.7184        0.9670  29.7477
     34        1.0359       0.7157        0.9637  29.9712
Stopping since valid_loss has not improved in the last 5 epochs.
Testing...
   train   test       acc  precision    recall        f1
0  timit  timit  0.773547   0.788718  0.773547  0.776833
wav2vec2-large-xlsr-53 layer 13
Loading task config...
Training classifiers...
Training classifier for dataset "timit"...
FRAMES: 706150, DIM: 1024
Fitting...
  epoch    train_loss    valid_acc    valid_loss      dur
-------  ------------  -----------  ------------  -------
      1        2.9578       0.6220        1.8403  52.4322
      2        1.7510       0.6607        1.3763  29.2883
      3        1.5023       0.6801        1.2377  28.4549
      4        1.3966       0.6880        1.1693  30.1269
      5        1.3329       0.6911        1.1279  29.5735
      6        1.2911       0.6965        1.0999  29.1185
      7        1.2593       0.7012        1.0781  30.6669
      8        1.2342       0.7005        1.0613  30.0674
      9        1.2117       0.7038        1.0476  29.5140
     10        1.1970       0.7048        1.0371  30.0060
     11        1.1831       0.7068        1.0279  29.8060
     12        1.1684       0.7080        1.0201  28.9498
     13        1.1585       0.7093        1.0129  28.8130
     14        1.1459       0.7094        1.0063  30.1033
     15        1.1355       0.7112        1.0020  29.3134
     16        1.1301       0.7120        0.9966  29.7681
     17        1.1232       0.7119        0.9922  30.0619
     18        1.1152       0.7135        0.9876  30.7066
     19        1.1101       0.7147        0.9855  30.6762
     20        1.1024       0.7152        0.9820  31.0931
     21        1.0974       0.7156        0.9811  30.2640
     22        1.0948       0.7148        0.9775  29.6457
     23        1.0889       0.7145        0.9737  30.1847
     24        1.0830       0.7162        0.9739  29.7393
     25        1.0784       0.7174        0.9722  29.9341
     26        1.0733       0.7158        0.9720  30.1310
     27        1.0706       0.7166        0.9695  29.7611
     28        1.0682       0.7166        0.9675  29.2533
     29        1.0639       0.7164        0.9644  30.0325
     30        1.0580       0.7186        0.9647  30.0867
     31        1.0571       0.7180        0.9642  28.8129
     32        1.0540       0.7193        0.9625  29.2803
     33        1.0521       0.7187        0.9621  30.0725
     34        1.0480       0.7195        0.9627  31.0563
     35        1.0470       0.7191        0.9607  29.5872
     36        1.0451       0.7194        0.9589  30.8652
     37        1.0397       0.7195        0.9614  30.6138
     38        1.0406       0.7197        0.9599  30.6795
     39        1.0368       0.7197        0.9602  30.4658
     40        1.0331       0.7206        0.9597  29.6692
Stopping since valid_loss has not improved in the last 5 epochs.
Testing...
   train   test       acc  precision    recall        f1
0  timit  timit  0.775399   0.789163  0.775399  0.778345
wav2vec2-large-xlsr-53 layer 16
Loading task config...
Training classifiers...
Training classifier for dataset "timit"...
FRAMES: 706150, DIM: 1024
Fitting...
  epoch    train_loss    valid_acc    valid_loss      dur
-------  ------------  -----------  ------------  -------
      1        2.8356       0.6767        1.6177  38.3277
      2        1.5190       0.7142        1.1676  30.3513
      3        1.2734       0.7282        1.0440  28.8856
      4        1.1751       0.7361        0.9858  29.0183
      5        1.1172       0.7403        0.9513  29.9298
      6        1.0758       0.7427        0.9278  29.3634
      7        1.0474       0.7456        0.9108  29.6021
      8        1.0235       0.7473        0.8967  29.6245
      9        1.0042       0.7501        0.8858  30.0875
     10        0.9904       0.7498        0.8767  30.0657
     11        0.9784       0.7507        0.8689  30.6276
     12        0.9673       0.7512        0.8625  29.4102
     13        0.9554       0.7532        0.8583  29.0958
     14        0.9464       0.7533        0.8525  29.1443
     15        0.9381       0.7540        0.8482  29.7220
     16        0.9297       0.7554        0.8446  29.3833
     17        0.9250       0.7556        0.8421  29.8120
     18        0.9177       0.7554        0.8374  29.7475
     19        0.9108       0.7563        0.8361  29.8101
     20        0.9050       0.7576        0.8344  30.8582
     21        0.9032       0.7572        0.8311  29.5887
     22        0.8949       0.7571        0.8294  29.2367
     23        0.8938       0.7580        0.8267  29.2739
     24        0.8860       0.7567        0.8244  30.2000
     25        0.8848       0.7572        0.8231  30.0831
     26        0.8775       0.7586        0.8224  28.9884
     27        0.8754       0.7584        0.8210  29.1795
     28        0.8739       0.7580        0.8202  29.3613
     29        0.8680       0.7589        0.8197  30.5258
     30        0.8654       0.7591        0.8181  29.7328
     31        0.8630       0.7602        0.8187  28.7707
     32        0.8603       0.7602        0.8177  28.7893
     33        0.8595       0.7594        0.8179  29.7579
     34        0.8567       0.7600        0.8160  30.3891
     35        0.8530       0.7602        0.8142  29.1053
     36        0.8489       0.7610        0.8139  28.9888
     37        0.8484       0.7609        0.8165  29.2795
     38        0.8467       0.7610        0.8162  29.4740
     39        0.8438       0.7609        0.8150  29.1303
     40        0.8440       0.7612        0.8176  29.2127
Stopping since valid_loss has not improved in the last 5 epochs.
Testing...
   train   test       acc  precision    recall        f1
0  timit  timit  0.812211   0.822429  0.812211  0.814189
wav2vec2-large-xlsr-53 layer 19
Loading task config...
Training classifiers...
Training classifier for dataset "timit"...
FRAMES: 706150, DIM: 1024
Fitting...
  epoch    train_loss    valid_acc    valid_loss      dur
-------  ------------  -----------  ------------  -------
      1        2.9156       0.6109        1.8184  37.0549
      2        1.7246       0.6605        1.3517  28.0359
      3        1.4560       0.6850        1.1902  27.6113
      4        1.3286       0.7014        1.1058  27.7486
      5        1.2554       0.7101        1.0534  29.1337
      6        1.2067       0.7161        1.0173  28.4029
      7        1.1674       0.7208        0.9912  28.7176
      8        1.1376       0.7247        0.9712  28.7093
      9        1.1187       0.7271        0.9561  28.7671
     10        1.0961       0.7300        0.9432  28.8454
     11        1.0780       0.7316        0.9325  29.1061
     12        1.0665       0.7313        0.9241  28.3263
     13        1.0527       0.7345        0.9161  28.8632
     14        1.0407       0.7353        0.9100  29.0907
     15        1.0361       0.7360        0.9033  28.5693
     16        1.0244       0.7374        0.8987  28.9840
     17        1.0194       0.7395        0.8942  29.5885
     18        1.0114       0.7407        0.8909  29.3387
     19        1.0037       0.7401        0.8870  29.3147
     20        0.9971       0.7404        0.8829  29.6584
     21        0.9926       0.7428        0.8822  28.8460
     22        0.9855       0.7427        0.8790  28.8736
     23        0.9806       0.7422        0.8761  29.1312
     24        0.9783       0.7438        0.8739  30.3879
     25        0.9738       0.7437        0.8715  29.2981
     26        0.9675       0.7446        0.8696  28.6410
     27        0.9662       0.7447        0.8690  28.5482
     28        0.9610       0.7442        0.8669  28.7991
     29        0.9565       0.7451        0.8654  29.2510
     30        0.9563       0.7456        0.8645  29.3550
     31        0.9509       0.7454        0.8637  28.9452
     32        0.9509       0.7462        0.8622  28.4488
     33        0.9461       0.7462        0.8612  28.8825
     34        0.9446       0.7476        0.8602  29.4991
     35        0.9396       0.7462        0.8604  29.8055
     36        0.9383       0.7462        0.8588  28.3237
     37        0.9361       0.7470        0.8597  28.9876
     38        0.9344       0.7470        0.8600  29.5134
     39        0.9307       0.7469        0.8578  28.9006
     40        0.9282       0.7482        0.8567  29.2632
     41        0.9257       0.7483        0.8579  29.4101
     42        0.9250       0.7479        0.8552  29.9726
     43        0.9258       0.7489        0.8571  28.7030
     44        0.9199       0.7488        0.8552  29.0912
     45        0.9197       0.7483        0.8554  28.2888
     46        0.9196       0.7489        0.8567  24.1279
Stopping since valid_loss has not improved in the last 5 epochs.
Testing...
   train   test       acc  precision    recall        f1
0  timit  timit  0.799562     0.8107  0.799562  0.801839
wav2vec2-large-xlsr-53 layer 22
Loading task config...
Training classifiers...
Training classifier for dataset "timit"...
FRAMES: 706150, DIM: 1024
Fitting...
  epoch    train_loss    valid_acc    valid_loss      dur
-------  ------------  -----------  ------------  -------
      1        4.0671       0.0984        4.0478  56.0873
      2        4.0097       0.2335        3.9468  28.6450
      3        3.8583       0.2924        3.7429  27.7990
      4        3.6453       0.3125        3.5107  28.1622
      5        3.4381       0.3569        3.3053  28.5522
      6        3.2638       0.3655        3.1327  28.1720
      7        3.1188       0.3926        2.9908  28.9918
      8        3.0005       0.4004        2.8711  28.8978
      9        2.9005       0.4048        2.7690  28.9347
     10        2.8145       0.4156        2.6815  29.0185
     11        2.7401       0.4244        2.6014  29.7308
     12        2.6727       0.4321        2.5329  28.5562
     13        2.6130       0.4413        2.4702  28.5547
     14        2.5575       0.4466        2.4136  28.8476
     15        2.5068       0.4549        2.3584  29.3300
     16        2.4594       0.4621        2.3117  29.0031
     17        2.4197       0.4676        2.2675  29.4949
     18        2.3809       0.4718        2.2269  29.4406
     19        2.3461       0.4774        2.1880  29.6302
     20        2.3108       0.4823        2.1529  29.9189
     21        2.2794       0.4851        2.1184  28.9802
     22        2.2511       0.4947        2.0874  28.7311
     23        2.2216       0.4956        2.0576  29.0100
     24        2.1957       0.4997        2.0275  29.3880
     25        2.1717       0.5059        2.0028  30.1854
     26        2.1470       0.5100        1.9791  28.8243
     27        2.1274       0.5115        1.9562  29.1530
     28        2.1049       0.5162        1.9337  29.1998
     29        2.0839       0.5191        1.9111  29.8152
     30        2.0670       0.5222        1.8915  29.7798
     31        2.0471       0.5258        1.8735  28.9807
     32        2.0300       0.5286        1.8542  30.1381
     33        2.0126       0.5310        1.8374  30.1210
     34        1.9971       0.5348        1.8198  29.7249
     35        1.9833       0.5361        1.8068  28.9574
     36        1.9653       0.5376        1.7886  29.5433
     37        1.9543       0.5433        1.7775  30.8261
     38        1.9410       0.5438        1.7597  29.9995
     39        1.9275       0.5476        1.7497  28.8718
     40        1.9132       0.5470        1.7376  29.1078
     41        1.9013       0.5508        1.7231  31.3282
     42        1.8900       0.5527        1.7095  29.6080
     43        1.8795       0.5553        1.6971  29.7451
     44        1.8679       0.5571        1.6873  30.1433
     45        1.8563       0.5592        1.6751  29.8005
     46        1.8458       0.5640        1.6648  29.1109
     47        1.8370       0.5608        1.6556  29.7173
     48        1.8256       0.5645        1.6431  28.7078
     49        1.8164       0.5675        1.6345  29.5762
     50        1.8066       0.5689        1.6251  29.7268
Testing...
   train   test       acc  precision    recall        f1
0  timit  timit  0.651728   0.674051  0.651728  0.656783
wav2vec2-large-xlsr-53 layer 24
Loading task config...
Training classifiers...
Training classifier for dataset "timit"...
FRAMES: 706150, DIM: 1024
Fitting...
  epoch    train_loss    valid_acc    valid_loss      dur
-------  ------------  -----------  ------------  -------
      1        4.0660       0.0630        4.0457  45.4177
      2        4.0060       0.2116        3.9437  27.7188
      3        3.8587       0.2604        3.7471  27.5259
      4        3.6543       0.3385        3.5249  27.4705
      5        3.4555       0.3617        3.3269  28.0301
      6        3.2835       0.3773        3.1553  27.8513
      7        3.1385       0.3881        3.0088  32.9628
      8        3.0161       0.4000        2.8871  31.2144
      9        2.9146       0.4076        2.7820  28.3457
     10        2.8272       0.4163        2.6946  28.2645
     11        2.7501       0.4224        2.6138  28.1745
     12        2.6823       0.4298        2.5429  27.8709
     13        2.6219       0.4391        2.4802  27.6694
     14        2.5688       0.4435        2.4247  27.7512
     15        2.5193       0.4493        2.3745  29.4035
     16        2.4729       0.4557        2.3269  29.0097
     17        2.4299       0.4641        2.2810  29.7622
     18        2.3910       0.4649        2.2420  29.9757
     19        2.3552       0.4749        2.2021  34.9755
     20        2.3210       0.4780        2.1696  34.3072
     21        2.2888       0.4812        2.1354  32.8841
     22        2.2610       0.4863        2.1067  35.1864
     23        2.2309       0.4946        2.0778  30.7726
     24        2.2077       0.4958        2.0477  35.1563
     25        2.1810       0.4994        2.0231  32.5049
     26        2.1585       0.5059        2.0025  33.1605
     27        2.1351       0.5072        1.9763  33.0975
     28        2.1164       0.5102        1.9567  32.4302
     29        2.0970       0.5166        1.9354  35.7976
     30        2.0770       0.5176        1.9131  32.0267
     31        2.0582       0.5218        1.8963  33.6927
     32        2.0412       0.5264        1.8782  31.1150
     33        2.0236       0.5280        1.8611  33.3667
     34        2.0099       0.5295        1.8465  31.1972
     35        1.9919       0.5336        1.8309  28.2799
     36        1.9777       0.5366        1.8125  28.5315
     37        1.9631       0.5379        1.7981  28.7422
     38        1.9484       0.5399        1.7872  37.1166
     39        1.9344       0.5442        1.7720  28.7476
     40        1.9205       0.5483        1.7571  28.7403
     41        1.9105       0.5469        1.7434  28.7433
     42        1.8994       0.5470        1.7330  27.1361
     43        1.8897       0.5517        1.7205  28.4513
     44        1.8753       0.5554        1.7113  28.3991
     45        1.8633       0.5544        1.6967  28.2417
     46        1.8510       0.5580        1.6901  30.3169
     47        1.8436       0.5587        1.6777  29.8354
     48        1.8350       0.5605        1.6679  29.1856
     49        1.8237       0.5636        1.6576  27.6429
     50        1.8147       0.5658        1.6460  29.4472
Testing...
   train   test       acc  precision    recall        f1
0  timit  timit  0.648628   0.672891  0.648628  0.654253
