wav2vec2-large-xlsr-53 layer 1
Loading task config...
Training classifiers...
Training classifier for dataset "timit"...
FRAMES: 706150, DIM: 1024
Fitting...
Testing...
   train   test       acc  precision    recall        f1
0  timit  timit  0.636095   0.672313  0.636095  0.647155
wav2vec2-large-xlsr-53 layer 4
Loading task config...
Training classifiers...
Training classifier for dataset "timit"...
FRAMES: 706150, DIM: 1024
Fitting...
Testing...
   train   test       acc  precision    recall        f1
0  timit  timit  0.712254   0.736435  0.712254  0.719014
wav2vec2-large-xlsr-53 layer 7
Loading task config...
Training classifiers...
Training classifier for dataset "timit"...
FRAMES: 706150, DIM: 1024
Fitting...
Testing...
   train   test      acc  precision   recall        f1
0  timit  timit  0.75262   0.771616  0.75262  0.757556
wav2vec2-large-xlsr-53 layer 10
Loading task config...
Training classifiers...
Training classifier for dataset "timit"...
FRAMES: 706150, DIM: 1024
Fitting...
Testing...
   train   test       acc  precision    recall        f1
0  timit  timit  0.766811    0.78346  0.766811  0.770839
wav2vec2-large-xlsr-53 layer 13
Loading task config...
Training classifiers...
Training classifier for dataset "timit"...
FRAMES: 706150, DIM: 1024
Fitting...
Testing...
   train   test       acc  precision    recall       f1
0  timit  timit  0.766672   0.782554  0.766672  0.77043
wav2vec2-large-xlsr-53 layer 16
Loading task config...
Training classifiers...
Training classifier for dataset "timit"...
FRAMES: 706150, DIM: 1024
Fitting...
Testing...
   train   test       acc  precision    recall        f1
0  timit  timit  0.806328   0.818228  0.806328  0.809021
wav2vec2-large-xlsr-53 layer 19
Loading task config...
Training classifiers...
Training classifier for dataset "timit"...
FRAMES: 706150, DIM: 1024
Fitting...
Testing...
   train   test       acc  precision    recall        f1
0  timit  timit  0.792536   0.805826  0.792536  0.795636
wav2vec2-large-xlsr-53 layer 22
Loading task config...
Training classifiers...
Training classifier for dataset "timit"...
FRAMES: 706150, DIM: 1024
Fitting...
Testing...
   train   test       acc  precision    recall        f1
0  timit  timit  0.393482   0.439284  0.393482  0.388745
wav2vec2-large-xlsr-53 layer 24
Loading task config...
Training classifiers...
Training classifier for dataset "timit"...
FRAMES: 706150, DIM: 1024
Fitting...
Testing...
   train   test       acc  precision    recall        f1
0  timit  timit  0.375856   0.422092  0.375856  0.372076
