wav2vec2-large-xlsr-53 layer 1
Loading task config...
Training classifiers...
Training classifier for dataset "timit"...
FRAMES: 706150, DIM: 1024
Fitting...
Testing...
   train   test       acc  precision    recall        f1
0  timit  timit  0.616877   0.646175  0.616877  0.619646
wav2vec2-large-xlsr-53 layer 4
Loading task config...
Training classifiers...
Training classifier for dataset "timit"...
FRAMES: 706150, DIM: 1024
Fitting...
Testing...
   train   test       acc  precision    recall        f1
0  timit  timit  0.689959   0.708055  0.689959  0.694423
wav2vec2-large-xlsr-53 layer 7
Loading task config...
Training classifiers...
Training classifier for dataset "timit"...
FRAMES: 706150, DIM: 1024
Fitting...
Testing...
   train   test      acc  precision   recall        f1
0  timit  timit  0.73999   0.760334  0.73999  0.745033
wav2vec2-large-xlsr-53 layer 10
Loading task config...
Training classifiers...
Training classifier for dataset "timit"...
FRAMES: 706150, DIM: 1024
Fitting...
Testing...
   train   test       acc  precision    recall        f1
0  timit  timit  0.753046   0.768851  0.753046  0.757232
wav2vec2-large-xlsr-53 layer 13
Loading task config...
Training classifiers...
Training classifier for dataset "timit"...
FRAMES: 706150, DIM: 1024
Fitting...
Testing...
   train   test       acc  precision    recall        f1
0  timit  timit  0.752472   0.766222  0.752472  0.756273
wav2vec2-large-xlsr-53 layer 16
Loading task config...
Training classifiers...
Training classifier for dataset "timit"...
FRAMES: 706150, DIM: 1024
Fitting...
Testing...
   train   test       acc  precision    recall        f1
0  timit  timit  0.796202    0.80522  0.796202  0.798587
wav2vec2-large-xlsr-53 layer 19
Loading task config...
Training classifiers...
Training classifier for dataset "timit"...
FRAMES: 706150, DIM: 1024
Fitting...
Testing...
   train   test      acc  precision   recall        f1
0  timit  timit  0.77874   0.789624  0.77874  0.781042
wav2vec2-large-xlsr-53 layer 22
Loading task config...
Training classifiers...
Training classifier for dataset "timit"...
FRAMES: 706150, DIM: 1024
Fitting...
Testing...
   train   test       acc  precision    recall        f1
0  timit  timit  0.064657   0.528073  0.064657  0.058378
wav2vec2-large-xlsr-53 layer 24
Loading task config...
Training classifiers...
Training classifier for dataset "timit"...
FRAMES: 706150, DIM: 1024
Fitting...
Testing...
   train   test       acc  precision    recall        f1
0  timit  timit  0.430019    0.57695  0.430019  0.395694
