wav2vec2-large-960h layer 1
Loading task config...
Training classifiers...
Training classifier for dataset "timit"...
FRAMES: 706150, DIM: 1024
Fitting...
  epoch    train_loss    valid_acc    valid_loss      dur
-------  ------------  -----------  ------------  -------
      1        2.7050       0.5680        1.6657  47.9716
      2        1.7446       0.5950        1.4370  30.2908
      3        1.5952       0.6072        1.3573  30.2598
      4        1.5194       0.6172        1.3107  33.1736
      5        1.4752       0.6229        1.2800  33.5459
      6        1.4415       0.6304        1.2577  30.7286
      7        1.4203       0.6313        1.2405  30.5290
      8        1.3973       0.6352        1.2274  31.2287
      9        1.3752       0.6381        1.2175  31.8613
     10        1.3644       0.6420        1.2067  32.1627
     11        1.3499       0.6427        1.1985  31.2132
     12        1.3368       0.6456        1.1945  30.5733
     13        1.3298       0.6470        1.1866  28.6158
     14        1.3210       0.6478        1.1833  28.4336
     15        1.3103       0.6501        1.1775  28.2154
     16        1.3061       0.6492        1.1747  28.8925
     17        1.2989       0.6515        1.1719  29.4442
     18        1.2924       0.6539        1.1699  29.6382
     19        1.2823       0.6541        1.1672  29.0953
     20        1.2780       0.6543        1.1663  29.5234
     21        1.2747       0.6545        1.1619  29.2702
     22        1.2711       0.6562        1.1609  28.6933
     23        1.2665       0.6565        1.1584  29.0075
     24        1.2621       0.6568        1.1606  29.3645
     25        1.2606       0.6568        1.1551  31.7753
     26        1.2554       0.6585        1.1532  30.2383
     27        1.2540       0.6585        1.1540  30.5211
     28        1.2477       0.6597        1.1537  31.1121
     29        1.2454       0.6600        1.1542  30.2164
     30        1.2424       0.6607        1.1522  31.0230
     31        1.2394       0.6612        1.1527  30.2960
     32        1.2368       0.6606        1.1527  30.1907
     33        1.2364       0.6620        1.1570  32.5621
     34        1.2335       0.6614        1.1573  30.8050
Stopping since valid_loss has not improved in the last 5 epochs.
Testing...
   train   test       acc  precision    recall        f1
0  timit  timit  0.720129   0.741457  0.720129  0.725641
wav2vec2-large-960h layer 4
Loading task config...
Training classifiers...
Training classifier for dataset "timit"...
FRAMES: 706150, DIM: 1024
Fitting...
  epoch    train_loss    valid_acc    valid_loss      dur
-------  ------------  -----------  ------------  -------
      1        2.4610       0.6337        1.3551  47.2146
      2        1.4554       0.6627        1.1517  30.4284
      3        1.3171       0.6750        1.0830  29.4863
      4        1.2507       0.6801        1.0471  30.5829
      5        1.2094       0.6863        1.0223  30.8897
      6        1.1829       0.6887        1.0073  30.4070
      7        1.1555       0.6924        0.9929  30.6312
      8        1.1393       0.6928        0.9830  29.9615
      9        1.1243       0.6968        0.9750  31.4253
     10        1.1108       0.6947        0.9683  30.2333
     11        1.0958       0.6996        0.9639  31.5453
     12        1.0886       0.7008        0.9609  31.7645
     13        1.0817       0.7002        0.9557  30.7387
     14        1.0733       0.7017        0.9517  30.6210
     15        1.0674       0.7024        0.9479  30.4538
     16        1.0601       0.7061        0.9459  33.6824
     17        1.0521       0.7038        0.9438  31.4258
     18        1.0460       0.7061        0.9397  32.2514
     19        1.0444       0.7068        0.9398  31.1158
     20        1.0399       0.7046        0.9395  31.6528
     21        1.0338       0.7069        0.9358  29.2276
     22        1.0273       0.7096        0.9372  30.7212
     23        1.0246       0.7083        0.9368  30.8139
     24        1.0205       0.7094        0.9345  29.7109
     25        1.0198       0.7096        0.9303  31.5258
     26        1.0158       0.7104        0.9299  30.3265
     27        1.0105       0.7107        0.9341  31.3971
     28        1.0079       0.7097        0.9331  31.0850
     29        1.0056       0.7115        0.9360  31.3355
     30        1.0019       0.7113        0.9331  31.6316
Stopping since valid_loss has not improved in the last 5 epochs.
Testing...
   train   test       acc  precision    recall        f1
0  timit  timit  0.765176   0.779833  0.765176  0.768372
wav2vec2-large-960h layer 7
Loading task config...
Training classifiers...
Training classifier for dataset "timit"...
FRAMES: 706150, DIM: 1024
Fitting...
  epoch    train_loss    valid_acc    valid_loss      dur
-------  ------------  -----------  ------------  -------
      1        2.2540       0.7204        1.0393  52.4707
      2        1.1399       0.7396        0.8660  30.2312
      3        1.0156       0.7476        0.8153  29.9926
      4        0.9598       0.7508        0.7909  33.3140
      5        0.9259       0.7553        0.7735  32.0073
      6        0.8995       0.7582        0.7629  31.3075
      7        0.8775       0.7598        0.7529  31.9275
      8        0.8630       0.7613        0.7462  32.8961
      9        0.8499       0.7618        0.7408  32.0025
     10        0.8377       0.7627        0.7392  32.3473
     11        0.8308       0.7630        0.7345  33.7932
     12        0.8207       0.7646        0.7290  31.2030
     13        0.8122       0.7652        0.7274  33.1394
     14        0.8046       0.7646        0.7260  31.7167
     15        0.7975       0.7667        0.7262  30.9706
     16        0.7933       0.7671        0.7226  31.2411
     17        0.7887       0.7677        0.7222  29.8079
     18        0.7827       0.7675        0.7214  33.0965
     19        0.7792       0.7673        0.7212  31.1375
     20        0.7730       0.7687        0.7207  32.1372
     21        0.7717       0.7679        0.7198  31.9481
     22        0.7660       0.7685        0.7186  31.2349
     23        0.7620       0.7680        0.7190  31.9124
     24        0.7605       0.7683        0.7208  36.0570
     25        0.7574       0.7698        0.7195  32.4864
     26        0.7545       0.7689        0.7231  32.3624
Stopping since valid_loss has not improved in the last 5 epochs.
Testing...
   train   test       acc  precision    recall        f1
0  timit  timit  0.817249   0.826906  0.817249  0.818988
wav2vec2-large-960h layer 10
Loading task config...
Training classifiers...
Training classifier for dataset "timit"...
FRAMES: 706150, DIM: 1024
Fitting...
  epoch    train_loss    valid_acc    valid_loss      dur
-------  ------------  -----------  ------------  -------
      1        2.1284       0.7482        0.9234  55.1474
      2        1.0248       0.7619        0.7781  29.6343
      3        0.9134       0.7708        0.7330  30.5124
      4        0.8638       0.7748        0.7101  29.6145
      5        0.8306       0.7772        0.6953  31.0527
      6        0.8039       0.7807        0.6833  30.2337
      7        0.7830       0.7823        0.6755  31.3325
      8        0.7707       0.7833        0.6707  31.2129
      9        0.7587       0.7825        0.6642  30.5851
     10        0.7475       0.7831        0.6577  34.8977
     11        0.7359       0.7845        0.6579  31.0125
     12        0.7285       0.7848        0.6536  30.9678
     13        0.7237       0.7856        0.6528  28.8409
     14        0.7128       0.7854        0.6524  28.5524
     15        0.7105       0.7867        0.6492  28.9943
     16        0.7024       0.7853        0.6466  29.8512
     17        0.6987       0.7858        0.6497  31.0747
     18        0.6917       0.7873        0.6454  31.8945
     19        0.6859       0.7869        0.6468  30.7751
     20        0.6819       0.7873        0.6462  31.5807
     21        0.6791       0.7867        0.6469  30.2029
     22        0.6735       0.7889        0.6504  30.4695
Stopping since valid_loss has not improved in the last 5 epochs.
Testing...
   train   test       acc  precision    recall        f1
0  timit  timit  0.834708   0.843611  0.834708  0.836146
wav2vec2-large-960h layer 13
Loading task config...
Training classifiers...
Training classifier for dataset "timit"...
FRAMES: 706150, DIM: 1024
Fitting...
  epoch    train_loss    valid_acc    valid_loss      dur
-------  ------------  -----------  ------------  -------
      1        2.2986       0.7426        0.9887  63.0751
      2        1.0835       0.7624        0.8029  29.9548
      3        0.9565       0.7689        0.7530  29.2117
      4        0.8985       0.7722        0.7272  28.1939
      5        0.8630       0.7741        0.7105  30.2034
      6        0.8357       0.7753        0.6991  30.9176
      7        0.8160       0.7775        0.6904  29.4047
      8        0.8006       0.7791        0.6833  29.4230
      9        0.7846       0.7802        0.6779  30.0336
     10        0.7746       0.7815        0.6741  29.6792
     11        0.7638       0.7827        0.6701  29.9148
     12        0.7560       0.7836        0.6670  28.9482
     13        0.7439       0.7832        0.6634  28.8640
     14        0.7390       0.7827        0.6617  29.2386
     15        0.7329       0.7835        0.6596  29.3790
     16        0.7255       0.7831        0.6575  29.5094
     17        0.7200       0.7846        0.6576  29.8302
     18        0.7166       0.7844        0.6548  30.2839
     19        0.7110       0.7842        0.6546  29.8319
     20        0.7069       0.7849        0.6548  30.5105
     21        0.7034       0.7856        0.6534  29.4782
     22        0.6994       0.7843        0.6516  28.8344
     23        0.6942       0.7863        0.6544  29.5492
     24        0.6926       0.7854        0.6512  29.9950
     25        0.6873       0.7851        0.6516  30.4234
     26        0.6853       0.7858        0.6502  28.6112
     27        0.6841       0.7863        0.6518  28.5561
     28        0.6767       0.7859        0.6502  28.6153
     29        0.6754       0.7870        0.6512  29.2052
     30        0.6763       0.7862        0.6505  29.2494
Stopping since valid_loss has not improved in the last 5 epochs.
Testing...
   train   test       acc  precision    recall       f1
0  timit  timit  0.834227   0.843528  0.834227  0.83582
wav2vec2-large-960h layer 16
Loading task config...
Training classifiers...
Training classifier for dataset "timit"...
FRAMES: 706150, DIM: 1024
Fitting...
  epoch    train_loss    valid_acc    valid_loss      dur
-------  ------------  -----------  ------------  -------
      1        2.1939       0.7459        0.9652  33.9959
      2        1.0564       0.7631        0.7995  28.6111
      3        0.9376       0.7716        0.7501  28.3359
      4        0.8794       0.7761        0.7261  28.6307
      5        0.8439       0.7800        0.7107  29.4114
      6        0.8189       0.7804        0.6976  29.3164
      7        0.8007       0.7815        0.6912  29.1149
      8        0.7852       0.7820        0.6843  29.2850
      9        0.7694       0.7849        0.6804  29.1336
     10        0.7585       0.7850        0.6768  30.0530
     11        0.7483       0.7864        0.6723  30.3401
     12        0.7398       0.7865        0.6699  29.1816
     13        0.7305       0.7868        0.6680  28.8029
     14        0.7237       0.7865        0.6658  29.6243
     15        0.7155       0.7876        0.6648  28.9538
     16        0.7111       0.7881        0.6627  29.2817
     17        0.7056       0.7886        0.6643  29.6025
     18        0.6989       0.7885        0.6636  29.5994
     19        0.6947       0.7885        0.6631  29.6407
     20        0.6903       0.7884        0.6645  30.1233
Stopping since valid_loss has not improved in the last 5 epochs.
Testing...
   train   test       acc  precision    recall        f1
0  timit  timit  0.834863   0.844544  0.834863  0.836364
wav2vec2-large-960h layer 19
Loading task config...
Training classifiers...
Training classifier for dataset "timit"...
FRAMES: 706150, DIM: 1024
Fitting...
  epoch    train_loss    valid_acc    valid_loss      dur
-------  ------------  -----------  ------------  -------
      1        2.2064       0.7164        1.0816  49.9527
      2        1.1659       0.7386        0.8869  28.1384
      3        1.0314       0.7503        0.8231  27.7880
      4        0.9696       0.7546        0.7896  27.8208
      5        0.9249       0.7591        0.7677  28.2921
      6        0.8975       0.7608        0.7531  28.0924
      7        0.8750       0.7635        0.7429  28.4809
      8        0.8566       0.7644        0.7329  28.7301
      9        0.8448       0.7666        0.7242  29.3651
     10        0.8304       0.7680        0.7184  29.1309
     11        0.8192       0.7685        0.7125  29.6180
     12        0.8072       0.7689        0.7107  28.9409
     13        0.7991       0.7700        0.7056  28.9086
     14        0.7917       0.7711        0.7032  28.9857
     15        0.7846       0.7716        0.6994  29.0059
     16        0.7772       0.7723        0.6968  29.0273
     17        0.7714       0.7720        0.6956  29.8894
     18        0.7677       0.7735        0.6933  29.5554
     19        0.7605       0.7739        0.6901  30.1289
     20        0.7563       0.7738        0.6898  30.0853
     21        0.7515       0.7758        0.6895  29.1145
     22        0.7480       0.7737        0.6863  28.6663
     23        0.7413       0.7754        0.6875  29.2870
     24        0.7416       0.7760        0.6847  29.8308
     25        0.7393       0.7771        0.6834  29.5755
     26        0.7327       0.7760        0.6816  28.9656
     27        0.7294       0.7764        0.6860  28.9714
     28        0.7277       0.7771        0.6840  30.1762
     29        0.7232       0.7768        0.6827  29.9728
     30        0.7247       0.7771        0.6841  30.1016
     31        0.7200       0.7783        0.6796  30.1867
     32        0.7184       0.7778        0.6833  33.3768
     33        0.7150       0.7768        0.6807  29.8197
     34        0.7133       0.7773        0.6822  29.9149
     35        0.7097       0.7778        0.6820  28.9714
Stopping since valid_loss has not improved in the last 5 epochs.
Testing...
   train   test       acc  precision    recall        f1
0  timit  timit  0.823601   0.834938  0.823601  0.825016
wav2vec2-large-960h layer 22
Loading task config...
Training classifiers...
Training classifier for dataset "timit"...
FRAMES: 706150, DIM: 1024
Fitting...
  epoch    train_loss    valid_acc    valid_loss      dur
-------  ------------  -----------  ------------  -------
      1        2.6747       0.6114        1.5993  36.6401
      2        1.6403       0.6530        1.2917  29.1939
      3        1.4438       0.6686        1.1774  28.7150
      4        1.3499       0.6792        1.1172  28.6681
      5        1.2877       0.6813        1.0779  29.2655
      6        1.2503       0.6891        1.0488  29.4557
      7        1.2146       0.6902        1.0262  30.2476
      8        1.1903       0.6946        1.0086  29.4939
      9        1.1690       0.6945        0.9965  30.1894
     10        1.1508       0.6988        0.9831  29.5772
     11        1.1365       0.6997        0.9733  29.9117
     12        1.1252       0.7015        0.9650  29.0252
     13        1.1129       0.7041        0.9575  29.9245
     14        1.1038       0.7058        0.9507  29.5914
     15        1.0924       0.7052        0.9461  29.0632
     16        1.0850       0.7072        0.9427  30.7813
     17        1.0788       0.7085        0.9371  30.3563
     18        1.0722       0.7091        0.9336  29.9071
     19        1.0628       0.7091        0.9277  30.4506
     20        1.0580       0.7093        0.9264  30.1012
     21        1.0548       0.7105        0.9228  29.4018
     22        1.0489       0.7100        0.9215  29.2252
     23        1.0449       0.7109        0.9196  30.0716
     24        1.0415       0.7114        0.9171  29.9380
     25        1.0364       0.7127        0.9156  29.8706
     26        1.0329       0.7129        0.9141  30.0017
     27        1.0302       0.7134        0.9143  29.7735
     28        1.0267       0.7122        0.9101  29.4648
     29        1.0194       0.7122        0.9117  30.6561
     30        1.0186       0.7141        0.9089  30.0035
     31        1.0181       0.7149        0.9071  28.8795
     32        1.0117       0.7150        0.9079  29.0658
     33        1.0118       0.7149        0.9082  30.1530
     34        1.0057       0.7159        0.9065  30.3391
     35        1.0047       0.7166        0.9064  29.1816
     36        1.0015       0.7150        0.9044  29.1712
     37        0.9987       0.7160        0.9037  30.9986
     38        0.9962       0.7155        0.9046  30.1510
     39        0.9951       0.7167        0.9042  30.0282
     40        0.9952       0.7170        0.9031  29.9447
     41        0.9909       0.7181        0.9027  30.0778
     42        0.9889       0.7168        0.9014  28.9798
     43        0.9864       0.7175        0.9021  29.4762
     44        0.9858       0.7180        0.9031  30.4861
     45        0.9854       0.7194        0.9049  29.5555
     46        0.9808       0.7190        0.9039  30.0193
Stopping since valid_loss has not improved in the last 5 epochs.
Testing...
   train   test       acc  precision    recall        f1
0  timit  timit  0.767962   0.790027  0.767962  0.771249
