wav2vec2-large-960h layer 1
Loading task config...
Training classifiers...
Training classifier for dataset "timit"...
FRAMES: 706150, DIM: 1024
Fitting...
Testing...
   train   test       acc  precision    recall        f1
0  timit  timit  0.702333   0.728509  0.702333  0.709886
wav2vec2-large-960h layer 4
Loading task config...
Training classifiers...
Training classifier for dataset "timit"...
FRAMES: 706150, DIM: 1024
Fitting...
Testing...
   train   test       acc  precision    recall        f1
0  timit  timit  0.755026   0.772802  0.755026  0.759629
wav2vec2-large-960h layer 7
Loading task config...
Training classifiers...
Training classifier for dataset "timit"...
FRAMES: 706150, DIM: 1024
Fitting...
Testing...
   train   test       acc  precision    recall        f1
0  timit  timit  0.814335   0.824869  0.814335  0.816681
wav2vec2-large-960h layer 10
Loading task config...
Training classifiers...
Training classifier for dataset "timit"...
FRAMES: 706150, DIM: 1024
Fitting...
Testing...
   train   test       acc  precision    recall        f1
0  timit  timit  0.832793   0.841465  0.832793  0.834567
wav2vec2-large-960h layer 13
Loading task config...
Training classifiers...
Training classifier for dataset "timit"...
FRAMES: 706150, DIM: 1024
Fitting...
Testing...
   train   test       acc  precision    recall       f1
0  timit  timit  0.828279   0.837528  0.828279  0.83013
wav2vec2-large-960h layer 16
Loading task config...
Training classifiers...
Training classifier for dataset "timit"...
FRAMES: 706150, DIM: 1024
Fitting...
Testing...
   train   test       acc  precision    recall        f1
0  timit  timit  0.830654   0.839815  0.830654  0.832393
wav2vec2-large-960h layer 19
Loading task config...
Training classifiers...
Training classifier for dataset "timit"...
FRAMES: 706150, DIM: 1024
Fitting...
Testing...
   train   test       acc  precision    recall        f1
0  timit  timit  0.819578   0.831115  0.819578  0.821544
wav2vec2-large-960h layer 22
Loading task config...
Training classifiers...
Training classifier for dataset "timit"...
FRAMES: 706150, DIM: 1024
Fitting...
Testing...
   train   test       acc  precision    recall        f1
0  timit  timit  0.750729   0.775039  0.750729  0.755061
