wav2vec2-large-960h layer 1
Loading task config...
Training classifiers...
Training classifier for dataset "timit"...
FRAMES: 706150, DIM: 1024
Fitting...
Testing...
   train   test       acc  precision    recall        f1
0  timit  timit  0.696183   0.708971  0.696183  0.698732
wav2vec2-large-960h layer 4
Loading task config...
Training classifiers...
Training classifier for dataset "timit"...
FRAMES: 706150, DIM: 1024
Fitting...
Testing...
   train   test       acc  precision    recall       f1
0  timit  timit  0.756232   0.763681  0.756232  0.75786
wav2vec2-large-960h layer 7
Loading task config...
Training classifiers...
Training classifier for dataset "timit"...
FRAMES: 706150, DIM: 1024
Fitting...
Testing...
   train   test       acc  precision    recall        f1
0  timit  timit  0.816087   0.820117  0.816087  0.816696
wav2vec2-large-960h layer 10
Loading task config...
Training classifiers...
Training classifier for dataset "timit"...
FRAMES: 706150, DIM: 1024
Fitting...
Testing...
   train   test       acc  precision    recall        f1
0  timit  timit  0.834254   0.840436  0.834254  0.835431
wav2vec2-large-960h layer 13
Loading task config...
Training classifiers...
Training classifier for dataset "timit"...
FRAMES: 706150, DIM: 1024
Fitting...
Testing...
   train   test       acc  precision    recall        f1
0  timit  timit  0.825101   0.831311  0.825101  0.826891
wav2vec2-large-960h layer 16
Loading task config...
Training classifiers...
Training classifier for dataset "timit"...
FRAMES: 706150, DIM: 1024
Fitting...
Testing...
   train   test       acc  precision    recall        f1
0  timit  timit  0.831821   0.836784  0.831821  0.832809
wav2vec2-large-960h layer 19
Loading task config...
Training classifiers...
Training classifier for dataset "timit"...
FRAMES: 706150, DIM: 1024
Fitting...
Testing...
   train   test       acc  precision    recall        f1
0  timit  timit  0.814436   0.822269  0.814436  0.815595
wav2vec2-large-960h layer 22
Loading task config...
Training classifiers...
Training classifier for dataset "timit"...
FRAMES: 706150, DIM: 1024
Fitting...
Testing...
   train   test       acc  precision    recall        f1
0  timit  timit  0.754007   0.768716  0.754007  0.755062
